{"/Users/mike/Desktop/easyoxygen/src/index.js": {"path":"/Users/mike/Desktop/easyoxygen/src/index.js","statementMap":{"0":{"start":{"line":3,"column":16},"end":{"line":6,"column":1}},"1":{"start":{"line":4,"column":15},"end":{"line":4,"column":62}},"2":{"start":{"line":5,"column":2},"end":{"line":5,"column":14}},"3":{"start":{"line":8,"column":17},"end":{"line":13,"column":1}},"4":{"start":{"line":9,"column":2},"end":{"line":9,"column":16}},"5":{"start":{"line":10,"column":2},"end":{"line":10,"column":45}},"6":{"start":{"line":11,"column":2},"end":{"line":11,"column":26}},"7":{"start":{"line":12,"column":2},"end":{"line":12,"column":16}},"8":{"start":{"line":14,"column":23},"end":{"line":14,"column":24}},"9":{"start":{"line":16,"column":33},"end":{"line":19,"column":1}},"10":{"start":{"line":17,"column":24},"end":{"line":17,"column":53}},"11":{"start":{"line":18,"column":2},"end":{"line":18,"column":35}},"12":{"start":{"line":20,"column":13},"end":{"line":36,"column":1}},"13":{"start":{"line":21,"column":2},"end":{"line":33,"column":3}},"14":{"start":{"line":21,"column":15},"end":{"line":21,"column":16}},"15":{"start":{"line":22,"column":38},"end":{"line":22,"column":56}},"16":{"start":{"line":23,"column":4},"end":{"line":23,"column":41}},"17":{"start":{"line":24,"column":19},"end":{"line":24,"column":57}},"18":{"start":{"line":26,"column":4},"end":{"line":30,"column":5}},"19":{"start":{"line":27,"column":6},"end":{"line":27,"column":91}},"20":{"start":{"line":28,"column":6},"end":{"line":28,"column":20}},"21":{"start":{"line":29,"column":6},"end":{"line":29,"column":19}},"22":{"start":{"line":31,"column":4},"end":{"line":31,"column":28}},"23":{"start":{"line":32,"column":4},"end":{"line":32,"column":18}},"24":{"start":{"line":35,"column":2},"end":{"line":35,"column":14}},"25":{"start":{"line":38,"column":16},"end":{"line":48,"column":1}},"26":{"start":{"line":39,"column":2},"end":{"line":39,"column":23}},"27":{"start":{"line":41,"column":19},"end":{"line":41,"column":28}},"28":{"start":{"line":42,"column":2},"end":{"line":42,"column":37}},"29":{"start":{"line":43,"column":2},"end":{"line":43,"column":16}},"30":{"start":{"line":44,"column":16},"end":{"line":44,"column":54}},"31":{"start":{"line":45,"column":25},"end":{"line":45,"column":100}},"32":{"start":{"line":47,"column":2},"end":{"line":47,"column":35}}},"fnMap":{"0":{"name":"(anonymous_0)","decl":{"start":{"line":3,"column":16},"end":{"line":3,"column":17}},"loc":{"start":{"line":3,"column":22},"end":{"line":6,"column":1}},"line":3},"1":{"name":"(anonymous_1)","decl":{"start":{"line":8,"column":17},"end":{"line":8,"column":18}},"loc":{"start":{"line":8,"column":33},"end":{"line":13,"column":1}},"line":8},"2":{"name":"(anonymous_2)","decl":{"start":{"line":16,"column":33},"end":{"line":16,"column":34}},"loc":{"start":{"line":16,"column":53},"end":{"line":19,"column":1}},"line":16},"3":{"name":"(anonymous_3)","decl":{"start":{"line":20,"column":13},"end":{"line":20,"column":14}},"loc":{"start":{"line":20,"column":42},"end":{"line":36,"column":1}},"line":20},"4":{"name":"(anonymous_4)","decl":{"start":{"line":38,"column":16},"end":{"line":38,"column":17}},"loc":{"start":{"line":38,"column":50},"end":{"line":48,"column":1}},"line":38}},"branchMap":{"0":{"loc":{"start":{"line":17,"column":24},"end":{"line":17,"column":53}},"type":"cond-expr","locations":[{"start":{"line":17,"column":41},"end":{"line":17,"column":46}},{"start":{"line":17,"column":49},"end":{"line":17,"column":53}}],"line":17},"1":{"loc":{"start":{"line":26,"column":4},"end":{"line":30,"column":5}},"type":"if","locations":[{"start":{"line":26,"column":4},"end":{"line":30,"column":5}},{"start":{"line":26,"column":4},"end":{"line":30,"column":5}}],"line":26},"2":{"loc":{"start":{"line":45,"column":25},"end":{"line":45,"column":100}},"type":"cond-expr","locations":[{"start":{"line":45,"column":33},"end":{"line":45,"column":64}},{"start":{"line":45,"column":67},"end":{"line":45,"column":100}}],"line":45}},"s":{"0":1,"1":0,"2":0,"3":1,"4":0,"5":0,"6":0,"7":0,"8":1,"9":1,"10":0,"11":0,"12":1,"13":0,"14":0,"15":0,"16":0,"17":0,"18":0,"19":0,"20":0,"21":0,"22":0,"23":0,"24":0,"25":1,"26":0,"27":0,"28":0,"29":0,"30":0,"31":0,"32":0},"f":{"0":0,"1":0,"2":0,"3":0,"4":0},"b":{"0":[0,0],"1":[0,0],"2":[0,0]},"_coverageSchema":"43e27e138ebf9cfc5966b082cf9a028302ed4184","hash":"f4fec5c0f8b0236e80664b9a819832c82aa4bb66"}
,"/Users/mike/Desktop/easyoxygen/src/utils.js": {"path":"/Users/mike/Desktop/easyoxygen/src/utils.js","statementMap":{"0":{"start":{"line":1,"column":29},"end":{"line":1,"column":78}}},"fnMap":{"0":{"name":"(anonymous_0)","decl":{"start":{"line":1,"column":15},"end":{"line":1,"column":16}},"loc":{"start":{"line":1,"column":29},"end":{"line":1,"column":78}},"line":1}},"branchMap":{},"s":{"0":0},"f":{"0":0},"b":{},"_coverageSchema":"43e27e138ebf9cfc5966b082cf9a028302ed4184","hash":"7bb25eba324c16ee2b00d3c3ecd0bfd54d01ac55"}
,"/Users/mike/Desktop/easyoxygen/src/games/calc.js": {"path":"/Users/mike/Desktop/easyoxygen/src/games/calc.js","statementMap":{"0":{"start":{"line":4,"column":19},"end":{"line":4,"column":58}},"1":{"start":{"line":5,"column":30},"end":{"line":9,"column":1}},"2":{"start":{"line":6,"column":19},"end":{"line":6,"column":26}},"3":{"start":{"line":7,"column":19},"end":{"line":7,"column":26}},"4":{"start":{"line":8,"column":19},"end":{"line":8,"column":26}},"5":{"start":{"line":11,"column":25},"end":{"line":22,"column":1}},"6":{"start":{"line":12,"column":15},"end":{"line":12,"column":31}},"7":{"start":{"line":13,"column":15},"end":{"line":13,"column":31}},"8":{"start":{"line":15,"column":24},"end":{"line":15,"column":51}},"9":{"start":{"line":16,"column":19},"end":{"line":16,"column":72}},"10":{"start":{"line":18,"column":19},"end":{"line":18,"column":48}},"11":{"start":{"line":19,"column":24},"end":{"line":19,"column":71}},"12":{"start":{"line":21,"column":2},"end":{"line":21,"column":35}},"13":{"start":{"line":24,"column":21},"end":{"line":24,"column":58}}},"fnMap":{"0":{"name":"(anonymous_0)","decl":{"start":{"line":6,"column":7},"end":{"line":6,"column":8}},"loc":{"start":{"line":6,"column":19},"end":{"line":6,"column":26}},"line":6},"1":{"name":"(anonymous_1)","decl":{"start":{"line":7,"column":7},"end":{"line":7,"column":8}},"loc":{"start":{"line":7,"column":19},"end":{"line":7,"column":26}},"line":7},"2":{"name":"(anonymous_2)","decl":{"start":{"line":8,"column":7},"end":{"line":8,"column":8}},"loc":{"start":{"line":8,"column":19},"end":{"line":8,"column":26}},"line":8},"3":{"name":"(anonymous_3)","decl":{"start":{"line":11,"column":25},"end":{"line":11,"column":26}},"loc":{"start":{"line":11,"column":31},"end":{"line":22,"column":1}},"line":11},"4":{"name":"(anonymous_4)","decl":{"start":{"line":24,"column":15},"end":{"line":24,"column":16}},"loc":{"start":{"line":24,"column":21},"end":{"line":24,"column":58}},"line":24}},"branchMap":{},"s":{"0":1,"1":1,"2":4,"3":3,"4":3,"5":1,"6":0,"7":0,"8":0,"9":0,"10":0,"11":0,"12":0,"13":0},"f":{"0":4,"1":3,"2":3,"3":0,"4":0},"b":{},"_coverageSchema":"43e27e138ebf9cfc5966b082cf9a028302ed4184","hash":"43f6f72f1ef20019304b02dbbd85788feb84d9d1"}
,"/Users/mike/Desktop/easyoxygen/src/games/even.js": {"path":"/Users/mike/Desktop/easyoxygen/src/games/even.js","statementMap":{"0":{"start":{"line":4,"column":19},"end":{"line":4,"column":69}},"1":{"start":{"line":6,"column":22},"end":{"line":6,"column":42}},"2":{"start":{"line":6,"column":29},"end":{"line":6,"column":42}},"3":{"start":{"line":8,"column":25},"end":{"line":8,"column":74}},"4":{"start":{"line":8,"column":31},"end":{"line":8,"column":74}},"5":{"start":{"line":10,"column":21},"end":{"line":10,"column":58}}},"fnMap":{"0":{"name":"(anonymous_0)","decl":{"start":{"line":6,"column":22},"end":{"line":6,"column":23}},"loc":{"start":{"line":6,"column":29},"end":{"line":6,"column":42}},"line":6},"1":{"name":"(anonymous_1)","decl":{"start":{"line":8,"column":25},"end":{"line":8,"column":26}},"loc":{"start":{"line":8,"column":31},"end":{"line":8,"column":74}},"line":8},"2":{"name":"(anonymous_2)","decl":{"start":{"line":10,"column":15},"end":{"line":10,"column":16}},"loc":{"start":{"line":10,"column":21},"end":{"line":10,"column":58}},"line":10}},"branchMap":{},"s":{"0":1,"1":1,"2":7,"3":1,"4":0,"5":0},"f":{"0":7,"1":0,"2":0},"b":{},"_coverageSchema":"43e27e138ebf9cfc5966b082cf9a028302ed4184","hash":"bc0598a9f8d74142a92283100d381f4240abb99c"}
,"/Users/mike/Desktop/easyoxygen/src/games/gcd.js": {"path":"/Users/mike/Desktop/easyoxygen/src/games/gcd.js","statementMap":{"0":{"start":{"line":4,"column":19},"end":{"line":4,"column":70}},"1":{"start":{"line":6,"column":23},"end":{"line":6,"column":63}},"2":{"start":{"line":6,"column":34},"end":{"line":6,"column":62}},"3":{"start":{"line":8,"column":25},"end":{"line":14,"column":1}},"4":{"start":{"line":9,"column":15},"end":{"line":9,"column":32}},"5":{"start":{"line":10,"column":15},"end":{"line":10,"column":32}},"6":{"start":{"line":11,"column":19},"end":{"line":11,"column":36}},"7":{"start":{"line":12,"column":24},"end":{"line":12,"column":54}},"8":{"start":{"line":13,"column":2},"end":{"line":13,"column":35}},"9":{"start":{"line":16,"column":21},"end":{"line":16,"column":58}}},"fnMap":{"0":{"name":"(anonymous_0)","decl":{"start":{"line":6,"column":23},"end":{"line":6,"column":24}},"loc":{"start":{"line":6,"column":34},"end":{"line":6,"column":62}},"line":6},"1":{"name":"(anonymous_1)","decl":{"start":{"line":8,"column":25},"end":{"line":8,"column":26}},"loc":{"start":{"line":8,"column":31},"end":{"line":14,"column":1}},"line":8},"2":{"name":"(anonymous_2)","decl":{"start":{"line":16,"column":15},"end":{"line":16,"column":16}},"loc":{"start":{"line":16,"column":21},"end":{"line":16,"column":58}},"line":16}},"branchMap":{"0":{"loc":{"start":{"line":6,"column":34},"end":{"line":6,"column":62}},"type":"cond-expr","locations":[{"start":{"line":6,"column":41},"end":{"line":6,"column":42}},{"start":{"line":6,"column":45},"end":{"line":6,"column":62}}],"line":6}},"s":{"0":1,"1":1,"2":29,"3":1,"4":0,"5":0,"6":0,"7":0,"8":0,"9":0},"f":{"0":29,"1":0,"2":0},"b":{"0":[7,22]},"_coverageSchema":"43e27e138ebf9cfc5966b082cf9a028302ed4184","hash":"ba5006cb644dfad8dcb4e8d8a275881d87945400"}
,"/Users/mike/Desktop/easyoxygen/src/games/prime.js": {"path":"/Users/mike/Desktop/easyoxygen/src/games/prime.js","statementMap":{"0":{"start":{"line":4,"column":19},"end":{"line":4,"column":82}},"1":{"start":{"line":6,"column":23},"end":{"line":16,"column":1}},"2":{"start":{"line":7,"column":2},"end":{"line":9,"column":3}},"3":{"start":{"line":8,"column":4},"end":{"line":8,"column":17}},"4":{"start":{"line":10,"column":2},"end":{"line":14,"column":3}},"5":{"start":{"line":10,"column":15},"end":{"line":10,"column":16}},"6":{"start":{"line":11,"column":4},"end":{"line":13,"column":5}},"7":{"start":{"line":12,"column":6},"end":{"line":12,"column":19}},"8":{"start":{"line":15,"column":2},"end":{"line":15,"column":14}},"9":{"start":{"line":17,"column":25},"end":{"line":17,"column":76}},"10":{"start":{"line":17,"column":31},"end":{"line":17,"column":76}},"11":{"start":{"line":19,"column":21},"end":{"line":19,"column":58}}},"fnMap":{"0":{"name":"(anonymous_0)","decl":{"start":{"line":6,"column":23},"end":{"line":6,"column":24}},"loc":{"start":{"line":6,"column":32},"end":{"line":16,"column":1}},"line":6},"1":{"name":"(anonymous_1)","decl":{"start":{"line":17,"column":25},"end":{"line":17,"column":26}},"loc":{"start":{"line":17,"column":31},"end":{"line":17,"column":76}},"line":17},"2":{"name":"(anonymous_2)","decl":{"start":{"line":19,"column":15},"end":{"line":19,"column":16}},"loc":{"start":{"line":19,"column":21},"end":{"line":19,"column":58}},"line":19}},"branchMap":{"0":{"loc":{"start":{"line":7,"column":2},"end":{"line":9,"column":3}},"type":"if","locations":[{"start":{"line":7,"column":2},"end":{"line":9,"column":3}},{"start":{"line":7,"column":2},"end":{"line":9,"column":3}}],"line":7},"1":{"loc":{"start":{"line":11,"column":4},"end":{"line":13,"column":5}},"type":"if","locations":[{"start":{"line":11,"column":4},"end":{"line":13,"column":5}},{"start":{"line":11,"column":4},"end":{"line":13,"column":5}}],"line":11}},"s":{"0":1,"1":1,"2":7,"3":1,"4":6,"5":6,"6":42,"7":3,"8":3,"9":1,"10":0,"11":0},"f":{"0":7,"1":0,"2":0},"b":{"0":[1,6],"1":[3,39]},"_coverageSchema":"43e27e138ebf9cfc5966b082cf9a028302ed4184","hash":"7e2670826774d77baed15c4f951865817e927d91"}
,"/Users/mike/Desktop/easyoxygen/src/games/progression.js": {"path":"/Users/mike/Desktop/easyoxygen/src/games/progression.js","statementMap":{"0":{"start":{"line":4,"column":19},"end":{"line":4,"column":63}},"1":{"start":{"line":6,"column":30},"end":{"line":14,"column":1}},"2":{"start":{"line":7,"column":22},"end":{"line":7,"column":24}},"3":{"start":{"line":9,"column":2},"end":{"line":11,"column":3}},"4":{"start":{"line":9,"column":15},"end":{"line":9,"column":16}},"5":{"start":{"line":10,"column":4},"end":{"line":10,"column":39}},"6":{"start":{"line":13,"column":2},"end":{"line":13,"column":21}},"7":{"start":{"line":15,"column":15},"end":{"line":15,"column":17}},"8":{"start":{"line":17,"column":25},"end":{"line":28,"column":1}},"9":{"start":{"line":18,"column":23},"end":{"line":18,"column":39}},"10":{"start":{"line":19,"column":15},"end":{"line":19,"column":31}},"11":{"start":{"line":20,"column":22},"end":{"line":20,"column":64}},"12":{"start":{"line":21,"column":32},"end":{"line":21,"column":56}},"13":{"start":{"line":23,"column":24},"end":{"line":23,"column":69}},"14":{"start":{"line":24,"column":2},"end":{"line":24,"column":44}},"15":{"start":{"line":25,"column":19},"end":{"line":25,"column":40}},"16":{"start":{"line":27,"column":2},"end":{"line":27,"column":35}},"17":{"start":{"line":30,"column":21},"end":{"line":30,"column":58}}},"fnMap":{"0":{"name":"(anonymous_0)","decl":{"start":{"line":6,"column":30},"end":{"line":6,"column":31}},"loc":{"start":{"line":6,"column":55},"end":{"line":14,"column":1}},"line":6},"1":{"name":"(anonymous_1)","decl":{"start":{"line":17,"column":25},"end":{"line":17,"column":26}},"loc":{"start":{"line":17,"column":31},"end":{"line":28,"column":1}},"line":17},"2":{"name":"(anonymous_2)","decl":{"start":{"line":30,"column":15},"end":{"line":30,"column":16}},"loc":{"start":{"line":30,"column":21},"end":{"line":30,"column":58}},"line":30}},"branchMap":{},"s":{"0":1,"1":1,"2":7,"3":7,"4":7,"5":38,"6":7,"7":1,"8":1,"9":0,"10":0,"11":0,"12":0,"13":0,"14":0,"15":0,"16":0,"17":0},"f":{"0":7,"1":0,"2":0},"b":{},"_coverageSchema":"43e27e138ebf9cfc5966b082cf9a028302ed4184","hash":"ee01e8b12e96c6cc579b0e2ab2a90fc9eb64401d"}
}
