{"/Users/mike/Desktop/easyoxygen/src/index.js": {"path":"/Users/mike/Desktop/easyoxygen/src/index.js","statementMap":{"0":{"start":{"line":3,"column":16},"end":{"line":6,"column":1}},"1":{"start":{"line":4,"column":15},"end":{"line":4,"column":62}},"2":{"start":{"line":5,"column":2},"end":{"line":5,"column":14}},"3":{"start":{"line":8,"column":17},"end":{"line":13,"column":1}},"4":{"start":{"line":9,"column":2},"end":{"line":9,"column":16}},"5":{"start":{"line":10,"column":2},"end":{"line":10,"column":45}},"6":{"start":{"line":11,"column":2},"end":{"line":11,"column":26}},"7":{"start":{"line":12,"column":2},"end":{"line":12,"column":16}},"8":{"start":{"line":14,"column":23},"end":{"line":14,"column":24}},"9":{"start":{"line":16,"column":13},"end":{"line":32,"column":1}},"10":{"start":{"line":17,"column":2},"end":{"line":29,"column":3}},"11":{"start":{"line":17,"column":15},"end":{"line":17,"column":16}},"12":{"start":{"line":18,"column":38},"end":{"line":18,"column":56}},"13":{"start":{"line":19,"column":4},"end":{"line":19,"column":41}},"14":{"start":{"line":20,"column":19},"end":{"line":20,"column":57}},"15":{"start":{"line":22,"column":4},"end":{"line":26,"column":5}},"16":{"start":{"line":23,"column":6},"end":{"line":23,"column":91}},"17":{"start":{"line":24,"column":6},"end":{"line":24,"column":20}},"18":{"start":{"line":25,"column":6},"end":{"line":25,"column":19}},"19":{"start":{"line":27,"column":4},"end":{"line":27,"column":28}},"20":{"start":{"line":28,"column":4},"end":{"line":28,"column":18}},"21":{"start":{"line":31,"column":2},"end":{"line":31,"column":14}},"22":{"start":{"line":34,"column":16},"end":{"line":44,"column":1}},"23":{"start":{"line":35,"column":2},"end":{"line":35,"column":23}},"24":{"start":{"line":37,"column":19},"end":{"line":37,"column":28}},"25":{"start":{"line":38,"column":2},"end":{"line":38,"column":37}},"26":{"start":{"line":39,"column":2},"end":{"line":39,"column":16}},"27":{"start":{"line":40,"column":16},"end":{"line":40,"column":54}},"28":{"start":{"line":41,"column":25},"end":{"line":41,"column":100}},"29":{"start":{"line":43,"column":2},"end":{"line":43,"column":35}}},"fnMap":{"0":{"name":"(anonymous_0)","decl":{"start":{"line":3,"column":16},"end":{"line":3,"column":17}},"loc":{"start":{"line":3,"column":22},"end":{"line":6,"column":1}},"line":3},"1":{"name":"(anonymous_1)","decl":{"start":{"line":8,"column":17},"end":{"line":8,"column":18}},"loc":{"start":{"line":8,"column":33},"end":{"line":13,"column":1}},"line":8},"2":{"name":"(anonymous_2)","decl":{"start":{"line":16,"column":13},"end":{"line":16,"column":14}},"loc":{"start":{"line":16,"column":42},"end":{"line":32,"column":1}},"line":16},"3":{"name":"(anonymous_3)","decl":{"start":{"line":34,"column":16},"end":{"line":34,"column":17}},"loc":{"start":{"line":34,"column":50},"end":{"line":44,"column":1}},"line":34}},"branchMap":{"0":{"loc":{"start":{"line":22,"column":4},"end":{"line":26,"column":5}},"type":"if","locations":[{"start":{"line":22,"column":4},"end":{"line":26,"column":5}},{"start":{"line":22,"column":4},"end":{"line":26,"column":5}}],"line":22},"1":{"loc":{"start":{"line":41,"column":25},"end":{"line":41,"column":100}},"type":"cond-expr","locations":[{"start":{"line":41,"column":33},"end":{"line":41,"column":64}},{"start":{"line":41,"column":67},"end":{"line":41,"column":100}}],"line":41}},"s":{"0":1,"1":0,"2":0,"3":1,"4":0,"5":0,"6":0,"7":0,"8":1,"9":1,"10":0,"11":0,"12":0,"13":0,"14":0,"15":0,"16":0,"17":0,"18":0,"19":0,"20":0,"21":0,"22":1,"23":0,"24":0,"25":0,"26":0,"27":0,"28":0,"29":0},"f":{"0":0,"1":0,"2":0,"3":0},"b":{"0":[0,0],"1":[0,0]},"_coverageSchema":"43e27e138ebf9cfc5966b082cf9a028302ed4184","hash":"276d96a47322154e160143ba90de7a5f330f495e"}
,"/Users/mike/Desktop/easyoxygen/src/utils.js": {"path":"/Users/mike/Desktop/easyoxygen/src/utils.js","statementMap":{"0":{"start":{"line":1,"column":29},"end":{"line":1,"column":78}}},"fnMap":{"0":{"name":"(anonymous_0)","decl":{"start":{"line":1,"column":15},"end":{"line":1,"column":16}},"loc":{"start":{"line":1,"column":29},"end":{"line":1,"column":78}},"line":1}},"branchMap":{},"s":{"0":0},"f":{"0":0},"b":{},"_coverageSchema":"43e27e138ebf9cfc5966b082cf9a028302ed4184","hash":"7bb25eba324c16ee2b00d3c3ecd0bfd54d01ac55"}
,"/Users/mike/Desktop/easyoxygen/src/games/calc.js": {"path":"/Users/mike/Desktop/easyoxygen/src/games/calc.js","statementMap":{"0":{"start":{"line":4,"column":19},"end":{"line":4,"column":58}},"1":{"start":{"line":5,"column":30},"end":{"line":9,"column":1}},"2":{"start":{"line":6,"column":19},"end":{"line":6,"column":26}},"3":{"start":{"line":7,"column":19},"end":{"line":7,"column":26}},"4":{"start":{"line":8,"column":19},"end":{"line":8,"column":26}},"5":{"start":{"line":11,"column":25},"end":{"line":22,"column":1}},"6":{"start":{"line":12,"column":15},"end":{"line":12,"column":31}},"7":{"start":{"line":13,"column":15},"end":{"line":13,"column":31}},"8":{"start":{"line":15,"column":24},"end":{"line":15,"column":51}},"9":{"start":{"line":16,"column":19},"end":{"line":16,"column":72}},"10":{"start":{"line":18,"column":19},"end":{"line":18,"column":48}},"11":{"start":{"line":19,"column":24},"end":{"line":19,"column":71}},"12":{"start":{"line":21,"column":2},"end":{"line":21,"column":35}},"13":{"start":{"line":24,"column":21},"end":{"line":24,"column":58}}},"fnMap":{"0":{"name":"(anonymous_0)","decl":{"start":{"line":6,"column":7},"end":{"line":6,"column":8}},"loc":{"start":{"line":6,"column":19},"end":{"line":6,"column":26}},"line":6},"1":{"name":"(anonymous_1)","decl":{"start":{"line":7,"column":7},"end":{"line":7,"column":8}},"loc":{"start":{"line":7,"column":19},"end":{"line":7,"column":26}},"line":7},"2":{"name":"(anonymous_2)","decl":{"start":{"line":8,"column":7},"end":{"line":8,"column":8}},"loc":{"start":{"line":8,"column":19},"end":{"line":8,"column":26}},"line":8},"3":{"name":"(anonymous_3)","decl":{"start":{"line":11,"column":25},"end":{"line":11,"column":26}},"loc":{"start":{"line":11,"column":31},"end":{"line":22,"column":1}},"line":11},"4":{"name":"(anonymous_4)","decl":{"start":{"line":24,"column":15},"end":{"line":24,"column":16}},"loc":{"start":{"line":24,"column":21},"end":{"line":24,"column":58}},"line":24}},"branchMap":{},"s":{"0":1,"1":1,"2":4,"3":3,"4":3,"5":1,"6":0,"7":0,"8":0,"9":0,"10":0,"11":0,"12":0,"13":0},"f":{"0":4,"1":3,"2":3,"3":0,"4":0},"b":{},"_coverageSchema":"43e27e138ebf9cfc5966b082cf9a028302ed4184","hash":"43f6f72f1ef20019304b02dbbd85788feb84d9d1"}
,"/Users/mike/Desktop/easyoxygen/src/games/even.js": {"path":"/Users/mike/Desktop/easyoxygen/src/games/even.js","statementMap":{"0":{"start":{"line":4,"column":19},"end":{"line":4,"column":69}},"1":{"start":{"line":6,"column":22},"end":{"line":6,"column":42}},"2":{"start":{"line":6,"column":29},"end":{"line":6,"column":42}},"3":{"start":{"line":7,"column":25},"end":{"line":11,"column":1}},"4":{"start":{"line":8,"column":19},"end":{"line":8,"column":36}},"5":{"start":{"line":9,"column":24},"end":{"line":9,"column":55}},"6":{"start":{"line":10,"column":2},"end":{"line":10,"column":35}},"7":{"start":{"line":13,"column":21},"end":{"line":13,"column":58}}},"fnMap":{"0":{"name":"(anonymous_0)","decl":{"start":{"line":6,"column":22},"end":{"line":6,"column":23}},"loc":{"start":{"line":6,"column":29},"end":{"line":6,"column":42}},"line":6},"1":{"name":"(anonymous_1)","decl":{"start":{"line":7,"column":25},"end":{"line":7,"column":26}},"loc":{"start":{"line":7,"column":31},"end":{"line":11,"column":1}},"line":7},"2":{"name":"(anonymous_2)","decl":{"start":{"line":13,"column":15},"end":{"line":13,"column":16}},"loc":{"start":{"line":13,"column":21},"end":{"line":13,"column":58}},"line":13}},"branchMap":{"0":{"loc":{"start":{"line":9,"column":24},"end":{"line":9,"column":55}},"type":"cond-expr","locations":[{"start":{"line":9,"column":43},"end":{"line":9,"column":48}},{"start":{"line":9,"column":51},"end":{"line":9,"column":55}}],"line":9}},"s":{"0":1,"1":1,"2":7,"3":1,"4":0,"5":0,"6":0,"7":0},"f":{"0":7,"1":0,"2":0},"b":{"0":[0,0]},"_coverageSchema":"43e27e138ebf9cfc5966b082cf9a028302ed4184","hash":"2ba541d47cf16c60091d7bfa741289c1d0132aac"}
,"/Users/mike/Desktop/easyoxygen/src/games/gcd.js": {"path":"/Users/mike/Desktop/easyoxygen/src/games/gcd.js","statementMap":{"0":{"start":{"line":4,"column":19},"end":{"line":4,"column":70}},"1":{"start":{"line":6,"column":23},"end":{"line":6,"column":63}},"2":{"start":{"line":6,"column":34},"end":{"line":6,"column":62}},"3":{"start":{"line":8,"column":25},"end":{"line":14,"column":1}},"4":{"start":{"line":9,"column":15},"end":{"line":9,"column":32}},"5":{"start":{"line":10,"column":15},"end":{"line":10,"column":32}},"6":{"start":{"line":11,"column":19},"end":{"line":11,"column":36}},"7":{"start":{"line":12,"column":24},"end":{"line":12,"column":54}},"8":{"start":{"line":13,"column":2},"end":{"line":13,"column":35}},"9":{"start":{"line":16,"column":21},"end":{"line":16,"column":58}}},"fnMap":{"0":{"name":"(anonymous_0)","decl":{"start":{"line":6,"column":23},"end":{"line":6,"column":24}},"loc":{"start":{"line":6,"column":34},"end":{"line":6,"column":62}},"line":6},"1":{"name":"(anonymous_1)","decl":{"start":{"line":8,"column":25},"end":{"line":8,"column":26}},"loc":{"start":{"line":8,"column":31},"end":{"line":14,"column":1}},"line":8},"2":{"name":"(anonymous_2)","decl":{"start":{"line":16,"column":15},"end":{"line":16,"column":16}},"loc":{"start":{"line":16,"column":21},"end":{"line":16,"column":58}},"line":16}},"branchMap":{"0":{"loc":{"start":{"line":6,"column":34},"end":{"line":6,"column":62}},"type":"cond-expr","locations":[{"start":{"line":6,"column":41},"end":{"line":6,"column":42}},{"start":{"line":6,"column":45},"end":{"line":6,"column":62}}],"line":6}},"s":{"0":1,"1":1,"2":29,"3":1,"4":0,"5":0,"6":0,"7":0,"8":0,"9":0},"f":{"0":29,"1":0,"2":0},"b":{"0":[7,22]},"_coverageSchema":"43e27e138ebf9cfc5966b082cf9a028302ed4184","hash":"ba5006cb644dfad8dcb4e8d8a275881d87945400"}
,"/Users/mike/Desktop/easyoxygen/src/games/prime.js": {"path":"/Users/mike/Desktop/easyoxygen/src/games/prime.js","statementMap":{"0":{"start":{"line":4,"column":19},"end":{"line":4,"column":82}},"1":{"start":{"line":6,"column":23},"end":{"line":16,"column":1}},"2":{"start":{"line":7,"column":2},"end":{"line":9,"column":3}},"3":{"start":{"line":8,"column":4},"end":{"line":8,"column":17}},"4":{"start":{"line":10,"column":2},"end":{"line":14,"column":3}},"5":{"start":{"line":10,"column":15},"end":{"line":10,"column":16}},"6":{"start":{"line":11,"column":4},"end":{"line":13,"column":5}},"7":{"start":{"line":12,"column":6},"end":{"line":12,"column":19}},"8":{"start":{"line":15,"column":2},"end":{"line":15,"column":14}},"9":{"start":{"line":17,"column":25},"end":{"line":21,"column":1}},"10":{"start":{"line":18,"column":19},"end":{"line":18,"column":35}},"11":{"start":{"line":19,"column":24},"end":{"line":19,"column":56}},"12":{"start":{"line":20,"column":2},"end":{"line":20,"column":35}},"13":{"start":{"line":23,"column":21},"end":{"line":23,"column":58}}},"fnMap":{"0":{"name":"(anonymous_0)","decl":{"start":{"line":6,"column":23},"end":{"line":6,"column":24}},"loc":{"start":{"line":6,"column":32},"end":{"line":16,"column":1}},"line":6},"1":{"name":"(anonymous_1)","decl":{"start":{"line":17,"column":25},"end":{"line":17,"column":26}},"loc":{"start":{"line":17,"column":31},"end":{"line":21,"column":1}},"line":17},"2":{"name":"(anonymous_2)","decl":{"start":{"line":23,"column":15},"end":{"line":23,"column":16}},"loc":{"start":{"line":23,"column":21},"end":{"line":23,"column":58}},"line":23}},"branchMap":{"0":{"loc":{"start":{"line":7,"column":2},"end":{"line":9,"column":3}},"type":"if","locations":[{"start":{"line":7,"column":2},"end":{"line":9,"column":3}},{"start":{"line":7,"column":2},"end":{"line":9,"column":3}}],"line":7},"1":{"loc":{"start":{"line":11,"column":4},"end":{"line":13,"column":5}},"type":"if","locations":[{"start":{"line":11,"column":4},"end":{"line":13,"column":5}},{"start":{"line":11,"column":4},"end":{"line":13,"column":5}}],"line":11},"2":{"loc":{"start":{"line":19,"column":24},"end":{"line":19,"column":56}},"type":"cond-expr","locations":[{"start":{"line":19,"column":44},"end":{"line":19,"column":49}},{"start":{"line":19,"column":52},"end":{"line":19,"column":56}}],"line":19}},"s":{"0":1,"1":1,"2":7,"3":1,"4":6,"5":6,"6":42,"7":3,"8":3,"9":1,"10":0,"11":0,"12":0,"13":0},"f":{"0":7,"1":0,"2":0},"b":{"0":[1,6],"1":[3,39],"2":[0,0]},"_coverageSchema":"43e27e138ebf9cfc5966b082cf9a028302ed4184","hash":"4a4c6f7d9c3ddce0295a7854aa726391951c8264"}
,"/Users/mike/Desktop/easyoxygen/src/games/progression.js": {"path":"/Users/mike/Desktop/easyoxygen/src/games/progression.js","statementMap":{"0":{"start":{"line":4,"column":19},"end":{"line":4,"column":63}},"1":{"start":{"line":6,"column":30},"end":{"line":14,"column":1}},"2":{"start":{"line":7,"column":22},"end":{"line":7,"column":24}},"3":{"start":{"line":9,"column":2},"end":{"line":11,"column":3}},"4":{"start":{"line":9,"column":15},"end":{"line":9,"column":16}},"5":{"start":{"line":10,"column":4},"end":{"line":10,"column":39}},"6":{"start":{"line":13,"column":2},"end":{"line":13,"column":21}},"7":{"start":{"line":15,"column":15},"end":{"line":15,"column":17}},"8":{"start":{"line":17,"column":25},"end":{"line":28,"column":1}},"9":{"start":{"line":18,"column":23},"end":{"line":18,"column":39}},"10":{"start":{"line":19,"column":15},"end":{"line":19,"column":31}},"11":{"start":{"line":20,"column":22},"end":{"line":20,"column":64}},"12":{"start":{"line":21,"column":32},"end":{"line":21,"column":56}},"13":{"start":{"line":23,"column":24},"end":{"line":23,"column":69}},"14":{"start":{"line":24,"column":2},"end":{"line":24,"column":44}},"15":{"start":{"line":25,"column":19},"end":{"line":25,"column":40}},"16":{"start":{"line":27,"column":2},"end":{"line":27,"column":35}},"17":{"start":{"line":30,"column":21},"end":{"line":30,"column":58}}},"fnMap":{"0":{"name":"(anonymous_0)","decl":{"start":{"line":6,"column":30},"end":{"line":6,"column":31}},"loc":{"start":{"line":6,"column":55},"end":{"line":14,"column":1}},"line":6},"1":{"name":"(anonymous_1)","decl":{"start":{"line":17,"column":25},"end":{"line":17,"column":26}},"loc":{"start":{"line":17,"column":31},"end":{"line":28,"column":1}},"line":17},"2":{"name":"(anonymous_2)","decl":{"start":{"line":30,"column":15},"end":{"line":30,"column":16}},"loc":{"start":{"line":30,"column":21},"end":{"line":30,"column":58}},"line":30}},"branchMap":{},"s":{"0":1,"1":1,"2":7,"3":7,"4":7,"5":38,"6":7,"7":1,"8":1,"9":0,"10":0,"11":0,"12":0,"13":0,"14":0,"15":0,"16":0,"17":0},"f":{"0":7,"1":0,"2":0},"b":{},"_coverageSchema":"43e27e138ebf9cfc5966b082cf9a028302ed4184","hash":"ee01e8b12e96c6cc579b0e2ab2a90fc9eb64401d"}
}
