TN:
SF:/Users/mike/Desktop/easyoxygen/src/index.js
FN:3,(anonymous_0)
FN:8,(anonymous_1)
FN:16,(anonymous_2)
FN:34,(anonymous_3)
FNF:4
FNH:0
FNDA:0,(anonymous_0)
FNDA:0,(anonymous_1)
FNDA:0,(anonymous_2)
FNDA:0,(anonymous_3)
DA:3,1
DA:4,0
DA:5,0
DA:8,1
DA:9,0
DA:10,0
DA:11,0
DA:12,0
DA:14,1
DA:16,1
DA:17,0
DA:18,0
DA:19,0
DA:20,0
DA:22,0
DA:23,0
DA:24,0
DA:25,0
DA:27,0
DA:28,0
DA:31,0
DA:34,1
DA:35,0
DA:37,0
DA:38,0
DA:39,0
DA:40,0
DA:41,0
DA:43,0
LF:29
LH:5
BRDA:22,0,0,0
BRDA:22,0,1,0
BRDA:41,1,0,0
BRDA:41,1,1,0
BRF:4
BRH:0
end_of_record
TN:
SF:/Users/mike/Desktop/easyoxygen/src/utils.js
FN:1,(anonymous_0)
FNF:1
FNH:0
FNDA:0,(anonymous_0)
DA:1,0
LF:1
LH:0
BRF:0
BRH:0
end_of_record
TN:
SF:/Users/mike/Desktop/easyoxygen/src/games/calc.js
FN:6,(anonymous_0)
FN:7,(anonymous_1)
FN:8,(anonymous_2)
FN:11,(anonymous_3)
FN:24,(anonymous_4)
FNF:5
FNH:3
FNDA:4,(anonymous_0)
FNDA:3,(anonymous_1)
FNDA:3,(anonymous_2)
FNDA:0,(anonymous_3)
FNDA:0,(anonymous_4)
DA:4,1
DA:5,1
DA:6,4
DA:7,3
DA:8,3
DA:11,1
DA:12,0
DA:13,0
DA:15,0
DA:16,0
DA:18,0
DA:19,0
DA:21,0
DA:24,0
LF:14
LH:6
BRF:0
BRH:0
end_of_record
TN:
SF:/Users/mike/Desktop/easyoxygen/src/games/even.js
FN:6,(anonymous_0)
FN:7,(anonymous_1)
FN:13,(anonymous_2)
FNF:3
FNH:1
FNDA:7,(anonymous_0)
FNDA:0,(anonymous_1)
FNDA:0,(anonymous_2)
DA:4,1
DA:6,7
DA:7,1
DA:8,0
DA:9,0
DA:10,0
DA:13,0
LF:7
LH:3
BRDA:9,0,0,0
BRDA:9,0,1,0
BRF:2
BRH:0
end_of_record
TN:
SF:/Users/mike/Desktop/easyoxygen/src/games/gcd.js
FN:6,(anonymous_0)
FN:8,(anonymous_1)
FN:16,(anonymous_2)
FNF:3
FNH:1
FNDA:29,(anonymous_0)
FNDA:0,(anonymous_1)
FNDA:0,(anonymous_2)
DA:4,1
DA:6,29
DA:8,1
DA:9,0
DA:10,0
DA:11,0
DA:12,0
DA:13,0
DA:16,0
LF:9
LH:3
BRDA:6,0,0,7
BRDA:6,0,1,22
BRF:2
BRH:2
end_of_record
TN:
SF:/Users/mike/Desktop/easyoxygen/src/games/prime.js
FN:6,(anonymous_0)
FN:17,(anonymous_1)
FN:23,(anonymous_2)
FNF:3
FNH:1
FNDA:7,(anonymous_0)
FNDA:0,(anonymous_1)
FNDA:0,(anonymous_2)
DA:4,1
DA:6,1
DA:7,7
DA:8,1
DA:10,6
DA:11,42
DA:12,3
DA:15,3
DA:17,1
DA:18,0
DA:19,0
DA:20,0
DA:23,0
LF:13
LH:9
BRDA:7,0,0,1
BRDA:7,0,1,6
BRDA:11,1,0,3
BRDA:11,1,1,39
BRDA:19,2,0,0
BRDA:19,2,1,0
BRF:6
BRH:4
end_of_record
TN:
SF:/Users/mike/Desktop/easyoxygen/src/games/progression.js
FN:6,(anonymous_0)
FN:17,(anonymous_1)
FN:30,(anonymous_2)
FNF:3
FNH:1
FNDA:7,(anonymous_0)
FNDA:0,(anonymous_1)
FNDA:0,(anonymous_2)
DA:4,1
DA:6,1
DA:7,7
DA:9,7
DA:10,38
DA:13,7
DA:15,1
DA:17,1
DA:18,0
DA:19,0
DA:20,0
DA:21,0
DA:23,0
DA:24,0
DA:25,0
DA:27,0
DA:30,0
LF:17
LH:8
BRF:0
BRH:0
end_of_record
